0 info it worked if it ends with ok
1 verbose cli [ '/usr/bin/node', '/usr/bin/npm', 'run', 'tsc' ]
2 info using npm@3.10.6
3 info using node@v6.3.1
4 verbose run-script [ 'pretsc', 'tsc', 'posttsc' ]
5 info lifecycle sour-mash@0.0.1~pretsc: sour-mash@0.0.1
6 silly lifecycle sour-mash@0.0.1~pretsc: no script for pretsc, continuing
7 info lifecycle sour-mash@0.0.1~tsc: sour-mash@0.0.1
8 verbose lifecycle sour-mash@0.0.1~tsc: unsafe-perm in lifecycle true
9 verbose lifecycle sour-mash@0.0.1~tsc: PATH: /usr/lib/node_modules/npm/bin/node-gyp-bin:/home/jwooten/sour-mash/node_modules/.bin:/home/jwooten/.dnx/runtimes/dnx-coreclr-linux-x64.1.0.0-rc1-update2/bin:/home/jwooten/.dnx/bin:/usr/local/sbin:/usr/local/bin:/usr/bin:/usr/lib/jvm/default/bin:/usr/bin/site_perl:/usr/bin/vendor_perl:/usr/bin/core_perl
10 verbose lifecycle sour-mash@0.0.1~tsc: CWD: /home/jwooten/sour-mash
11 silly lifecycle sour-mash@0.0.1~tsc: Args: [ '-c', 'tsc' ]
12 silly lifecycle sour-mash@0.0.1~tsc: Returned: code: 2  signal: null
13 info lifecycle sour-mash@0.0.1~tsc: Failed to exec tsc script
14 verbose stack Error: sour-mash@0.0.1 tsc: `tsc`
14 verbose stack Exit status 2
14 verbose stack     at EventEmitter.<anonymous> (/usr/lib/node_modules/npm/lib/utils/lifecycle.js:255:16)
14 verbose stack     at emitTwo (events.js:106:13)
14 verbose stack     at EventEmitter.emit (events.js:191:7)
14 verbose stack     at ChildProcess.<anonymous> (/usr/lib/node_modules/npm/lib/utils/spawn.js:40:14)
14 verbose stack     at emitTwo (events.js:106:13)
14 verbose stack     at ChildProcess.emit (events.js:191:7)
14 verbose stack     at maybeClose (internal/child_process.js:852:16)
14 verbose stack     at Process.ChildProcess._handle.onexit (internal/child_process.js:215:5)
15 verbose pkgid sour-mash@0.0.1
16 verbose cwd /home/jwooten/sour-mash
17 error Linux 4.6.4-1-ARCH
18 error argv "/usr/bin/node" "/usr/bin/npm" "run" "tsc"
19 error node v6.3.1
20 error npm  v3.10.6
21 error code ELIFECYCLE
22 error sour-mash@0.0.1 tsc: `tsc`
22 error Exit status 2
23 error Failed at the sour-mash@0.0.1 tsc script 'tsc'.
23 error Make sure you have the latest version of node.js and npm installed.
23 error If you do, this is most likely a problem with the sour-mash package,
23 error not with npm itself.
23 error Tell the author that this fails on your system:
23 error     tsc
23 error You can get information on how to open an issue for this project with:
23 error     npm bugs sour-mash
23 error Or if that isn't available, you can get their info via:
23 error     npm owner ls sour-mash
23 error There is likely additional logging output above.
24 verbose exit [ 1, true ]
